<?xml version="1.0" encoding="UTF-8"?>
<robot generator="Robot 4.1.2 (Python 3.9.7 on win32)" generated="20211229 09:34:34.133" rpa="false" schemaversion="2">
<suite id="s1" name="Mobile" source="E:\Latihan QA\belajarRobotframework-Mobile\mobile.robot">
<test id="s1-t1" name="As a user i want to open API Demos apps">
<kw name="Start Session" type="SETUP">
<kw name="Open Application">
<arg>http://localhost:4723/wd/hub</arg>
<arg>automationName=UiAutomator2</arg>
<arg>platformName=Android</arg>
<arg>deviceName=emulator-5554</arg>
<arg>appPackage=io.appium.android.apis</arg>
<arg>appActivity=io.appium.android.apis.ApiDemos</arg>
<arg>autoGrantPermissions=true</arg>
<arg>noReset=true</arg>
<msg timestamp="20211229 09:34:34.268" level="FAIL">No keyword with name 'Open Application' found.</msg>
<status status="FAIL" starttime="20211229 09:34:34.268" endtime="20211229 09:34:34.268"/>
</kw>
<kw name="Sleep" library="BuiltIn">
<arg>1</arg>
<doc>Pauses the test executed for the given time.</doc>
<status status="NOT RUN" starttime="20211229 09:34:34.286" endtime="20211229 09:34:34.286"/>
</kw>
<status status="FAIL" starttime="20211229 09:34:34.252" endtime="20211229 09:34:34.293"/>
</kw>
<kw name="CLose Application" type="TEARDOWN">
<msg timestamp="20211229 09:34:34.298" level="FAIL">No keyword with name 'CLose Application' found.</msg>
<status status="FAIL" starttime="20211229 09:34:34.298" endtime="20211229 09:34:34.298">No keyword with name 'CLose Application' found.</status>
</kw>
<status status="FAIL" starttime="20211229 09:34:34.250" endtime="20211229 09:34:34.299">Setup failed:
No keyword with name 'Open Application' found.

Also teardown failed:
No keyword with name 'CLose Application' found.</status>
</test>
<status status="FAIL" starttime="20211229 09:34:34.138" endtime="20211229 09:34:34.303"/>
</suite>
<statistics>
<total>
<stat pass="0" fail="1" skip="0">All Tests</stat>
</total>
<tag>
</tag>
<suite>
<stat pass="0" fail="1" skip="0" id="s1" name="Mobile">Mobile</stat>
</suite>
</statistics>
<errors>
<msg timestamp="20211229 09:34:34.202" level="ERROR">Error in file 'E:\Latihan QA\belajarRobotframework-Mobile\mobile.robot' on line 2: Importing library 'AppiumLibrary' failed: ModuleNotFoundError: No module named 'AppiumLibrary'
Traceback (most recent call last):
  None
PYTHONPATH:
  C:\Users\Sihombing\AppData\Local\Programs\Python\Python39\Scripts\robot.exe
  C:\Users\Sihombing\AppData\Local\Programs\Python\Python39\python39.zip
  C:\Users\Sihombing\AppData\Local\Programs\Python\Python39\DLLs
  C:\Users\Sihombing\AppData\Local\Programs\Python\Python39\lib
  C:\Users\Sihombing\AppData\Local\Programs\Python\Python39
  C:\Users\Sihombing\AppData\Local\Programs\Python\Python39\lib\site-packages</msg>
</errors>
</robot>
